[2021-09-30 10:24:21,274] INFO Starting the log cleaner (kafka.log.LogCleaner)
[2021-09-30 10:24:21,493] INFO [kafka-log-cleaner-thread-0]: Starting (kafka.log.LogCleaner)
[2021-09-30 10:24:29,445] INFO Shutting down the log cleaner. (kafka.log.LogCleaner)
[2021-09-30 10:24:29,446] INFO [kafka-log-cleaner-thread-0]: Shutting down (kafka.log.LogCleaner)
[2021-09-30 10:24:29,447] INFO [kafka-log-cleaner-thread-0]: Stopped (kafka.log.LogCleaner)
[2021-09-30 10:24:29,447] INFO [kafka-log-cleaner-thread-0]: Shutdown completed (kafka.log.LogCleaner)
[2021-09-30 10:25:35,518] INFO Starting the log cleaner (kafka.log.LogCleaner)
[2021-09-30 10:25:35,625] INFO [kafka-log-cleaner-thread-0]: Starting (kafka.log.LogCleaner)
[2021-09-30 10:25:41,995] INFO Shutting down the log cleaner. (kafka.log.LogCleaner)
[2021-09-30 10:25:41,996] INFO [kafka-log-cleaner-thread-0]: Shutting down (kafka.log.LogCleaner)
[2021-09-30 10:25:41,997] INFO [kafka-log-cleaner-thread-0]: Stopped (kafka.log.LogCleaner)
[2021-09-30 10:25:41,997] INFO [kafka-log-cleaner-thread-0]: Shutdown completed (kafka.log.LogCleaner)
[2021-09-30 14:06:41,166] INFO Starting the log cleaner (kafka.log.LogCleaner)
[2021-09-30 14:06:42,045] INFO [kafka-log-cleaner-thread-0]: Starting (kafka.log.LogCleaner)
[2021-09-30 14:07:09,737] INFO Shutting down the log cleaner. (kafka.log.LogCleaner)
[2021-09-30 14:07:09,738] INFO [kafka-log-cleaner-thread-0]: Shutting down (kafka.log.LogCleaner)
[2021-09-30 14:07:09,739] INFO [kafka-log-cleaner-thread-0]: Stopped (kafka.log.LogCleaner)
[2021-09-30 14:07:09,739] INFO [kafka-log-cleaner-thread-0]: Shutdown completed (kafka.log.LogCleaner)
[2021-09-30 14:16:25,729] INFO Starting the log cleaner (kafka.log.LogCleaner)
[2021-09-30 14:16:26,110] INFO [kafka-log-cleaner-thread-0]: Starting (kafka.log.LogCleaner)
[2021-09-30 14:16:35,430] INFO Shutting down the log cleaner. (kafka.log.LogCleaner)
[2021-09-30 14:16:35,431] INFO [kafka-log-cleaner-thread-0]: Shutting down (kafka.log.LogCleaner)
[2021-09-30 14:16:35,432] INFO [kafka-log-cleaner-thread-0]: Stopped (kafka.log.LogCleaner)
[2021-09-30 14:16:35,432] INFO [kafka-log-cleaner-thread-0]: Shutdown completed (kafka.log.LogCleaner)
